<?xml version="1.0" encoding="utf-8"?>
<!DOCTYPE coverage SYSTEM "http://cobertura.sourceforge.net/xml/coverage-04.dtd">
<coverage timestamp="1588139442426" line-rate="0.53" lines-covered="476" lines-valid="898" branch-rate="0.0" branches-covered="0" branches-valid="0" complexity="0" version="1.9.4.1"><sources><source>/Users/jester/Workspaces/sapanboon/sapanboon-phx</source></sources><packages><package name="sapanboon.lib" line-rate="0.0" branch-rate="0.0" complexity="0"><classes><class name="Elixir.Sapanboon" filename="lib/sapanboon.ex" line-rate="0.0" branch-rate="0.0" complexity="0"><methods/><lines/></class><class name="Elixir.SapanboonWeb" filename="lib/sapanboon_web.ex" line-rate="0.0" branch-rate="0.0" complexity="0"><methods/><lines><line number="73" hits="0" branch="False"/></lines></class></classes></package><package name="sapanboon.lib.sapanboon_web.helper" line-rate="0.615" branch-rate="0.0" complexity="0"><classes><class name="Elixir.SapanboonWeb.HttpWrapper" filename="lib/sapanboon_web/helper/http_warppaer.ex" line-rate="0.0" branch-rate="0.0" complexity="0"><methods><method name="__info__" signature="__info__/1" line-rate="0.0" branch-rate="0.0"><lines><line number="7" hits="0" branch="False"/><line number="10" hits="0" branch="False"/></lines></method><method name="post" signature="post/3" line-rate="0.0" branch-rate="0.0"><lines><line number="7" hits="0" branch="False"/></lines></method></methods><lines><line number="7" hits="0" branch="False"/><line number="10" hits="0" branch="False"/><line number="28" hits="0" branch="False"/><line number="29" hits="0" branch="False"/><line number="31" hits="0" branch="False"/></lines></class><class name="Elixir.SapanboonWeb.ShareHelper" filename="lib/sapanboon_web/helper/share_helper.ex" line-rate="1.0" branch-rate="0.0" complexity="0"><methods><method name="format_number" signature="format_number/1" line-rate="1.0" branch-rate="0.0"><lines><line number="4" hits="17" branch="False"/><line number="5" hits="17" branch="False"/><line number="11" hits="17" branch="False"/><line number="16" hits="18" branch="False"/><line number="17" hits="18" branch="False"/></lines></method></methods><lines><line number="0" hits="3" branch="False"/><line number="0" hits="3" branch="False"/><line number="4" hits="17" branch="False"/><line number="5" hits="17" branch="False"/><line number="11" hits="17" branch="False"/><line number="16" hits="18" branch="False"/><line number="17" hits="18" branch="False"/><line number="21" hits="16" branch="False"/></lines></class></classes></package><package name="sapanboon.lib.sapanboon.project" line-rate="0.988" branch-rate="0.0" complexity="0"><classes><class name="Elixir.Jason.Encoder.Sapanboon.Project.Projects" filename="lib/sapanboon/project/projects.ex" line-rate="0.0" branch-rate="0.0" complexity="0"><methods/><lines/></class><class name="Elixir.Sapanboon.Project.Projects" filename="lib/sapanboon/project/projects.ex" line-rate="0.988" branch-rate="0.0" complexity="0"><methods/><lines><line number="0" hits="2" branch="False"/><line number="0" hits="2" branch="False"/><line number="0" hits="2" branch="False"/><line number="0" hits="1" branch="False"/><line number="0" hits="10" branch="False"/><line number="0" hits="2" branch="False"/><line number="0" hits="2" branch="False"/><line number="0" hits="2" branch="False"/><line number="0" hits="5" branch="False"/><line number="0" hits="10" branch="False"/><line number="0" hits="1" branch="False"/><line number="0" hits="16" branch="False"/><line number="0" hits="5" branch="False"/><line number="0" hits="9" branch="False"/><line number="0" hits="2" branch="False"/><line number="0" hits="1" branch="False"/><line number="0" hits="10" branch="False"/><line number="0" hits="1" branch="False"/><line number="0" hits="1" branch="False"/><line number="0" hits="1" branch="False"/><line number="0" hits="10" branch="False"/><line number="0" hits="3" branch="False"/><line number="0" hits="2" branch="False"/><line number="0" hits="2" branch="False"/><line number="0" hits="16" branch="False"/><line number="0" hits="1" branch="False"/><line number="0" hits="2" branch="False"/><line number="0" hits="2" branch="False"/><line number="0" hits="2" branch="False"/><line number="0" hits="1" branch="False"/><line number="0" hits="10" branch="False"/><line number="0" hits="10" branch="False"/><line number="0" hits="1" branch="False"/><line number="0" hits="1" branch="False"/><line number="0" hits="16" branch="False"/><line number="0" hits="1" branch="False"/><line number="0" hits="1" branch="False"/><line number="0" hits="11" branch="False"/><line number="0" hits="2" branch="False"/><line number="0" hits="16" branch="False"/><line number="0" hits="17" branch="False"/><line number="0" hits="2" branch="False"/><line number="0" hits="2" branch="False"/><line number="0" hits="2" branch="False"/><line number="0" hits="16" branch="False"/><line number="0" hits="5" branch="False"/><line number="0" hits="1" branch="False"/><line number="0" hits="15" branch="False"/><line number="0" hits="5" branch="False"/><line number="0" hits="12" branch="False"/><line number="0" hits="2" branch="False"/><line number="0" hits="5" branch="False"/><line number="0" hits="1" branch="False"/><line number="0" hits="1" branch="False"/><line number="0" hits="2" branch="False"/><line number="0" hits="5" branch="False"/><line number="0" hits="5" branch="False"/><line number="0" hits="27" branch="False"/><line number="0" hits="1" branch="False"/><line number="0" hits="10" branch="False"/><line number="0" hits="2" branch="False"/><line number="0" hits="2" branch="False"/><line number="0" hits="1" branch="False"/><line number="0" hits="13" branch="False"/><line number="0" hits="2" branch="False"/><line number="0" hits="12" branch="False"/><line number="0" hits="2" branch="False"/><line number="0" hits="1" branch="False"/><line number="0" hits="1" branch="False"/><line number="0" hits="8" branch="False"/><line number="0" hits="18" branch="False"/><line number="0" hits="1" branch="False"/><line number="0" hits="22" branch="False"/><line number="0" hits="15" branch="False"/><line number="0" hits="5" branch="False"/><line number="0" hits="1" branch="False"/><line number="16" hits="17" branch="False"/><line number="16" hits="27" branch="False"/><line number="16" hits="21" branch="False"/><line number="16" hits="0" branch="False"/><line number="64" hits="17" branch="False"/></lines></class></classes></package><package name="sapanboon.lib.sapanboon.histories" line-rate="0.967" branch-rate="0.0" complexity="0"><classes><class name="Elixir.Sapanboon.Histories.History" filename="lib/sapanboon/histories/history.ex" line-rate="0.967" branch-rate="0.0" complexity="0"><methods/><lines><line number="0" hits="4" branch="False"/><line number="0" hits="5" branch="False"/><line number="0" hits="1" branch="False"/><line number="0" hits="5" branch="False"/><line number="0" hits="11" branch="False"/><line number="0" hits="11" branch="False"/><line number="0" hits="3" branch="False"/><line number="0" hits="3" branch="False"/><line number="0" hits="13" branch="False"/><line number="0" hits="2" branch="False"/><line number="0" hits="11" branch="False"/><line number="0" hits="8" branch="False"/><line number="0" hits="9" branch="False"/><line number="0" hits="3" branch="False"/><line number="0" hits="1" branch="False"/><line number="0" hits="14" branch="False"/><line number="0" hits="21" branch="False"/><line number="0" hits="5" branch="False"/><line number="0" hits="1" branch="False"/><line number="0" hits="5" branch="False"/><line number="0" hits="11" branch="False"/><line number="0" hits="5" branch="False"/><line number="0" hits="9" branch="False"/><line number="0" hits="13" branch="False"/><line number="0" hits="1" branch="False"/><line number="9" hits="13" branch="False"/><line number="9" hits="11" branch="False"/><line number="9" hits="0" branch="False"/><line number="9" hits="8" branch="False"/><line number="29" hits="11" branch="False"/></lines></class><class name="Elixir.Jason.Encoder.Sapanboon.Histories.History" filename="lib/sapanboon/histories/history.ex" line-rate="0.0" branch-rate="0.0" complexity="0"><methods/><lines/></class></classes></package><package name="sapanboon.lib.sapanboon_web.channels" line-rate="0.143" branch-rate="0.0" complexity="0"><classes><class name="Elixir.SapanboonWeb.UserSocket" filename="lib/sapanboon_web/channels/user_socket.ex" line-rate="0.143" branch-rate="0.0" complexity="0"><methods/><lines><line number="1" hits="0" branch="False"/><line number="2" hits="0" branch="False"/><line number="2" hits="0" branch="False"/><line number="2" hits="0" branch="False"/><line number="2" hits="0" branch="False"/><line number="2" hits="0" branch="False"/><line number="2" hits="1" branch="False"/></lines></class></classes></package><package name="sapanboon.lib.sapanboon" line-rate="0.573" branch-rate="0.0" complexity="0"><classes><class name="Elixir.Sapanboon.User" filename="lib/sapanboon/user.ex" line-rate="1.0" branch-rate="0.0" complexity="0"><methods/><lines><line number="0" hits="1" branch="False"/><line number="0" hits="1" branch="False"/><line number="0" hits="1" branch="False"/><line number="0" hits="1" branch="False"/><line number="0" hits="1" branch="False"/><line number="0" hits="1" branch="False"/><line number="0" hits="1" branch="False"/><line number="0" hits="1" branch="False"/><line number="5" hits="1" branch="False"/><line number="5" hits="3" branch="False"/><line number="5" hits="1" branch="False"/><line number="5" hits="1" branch="False"/><line number="20" hits="1" branch="False"/></lines></class><class name="Elixir.Sapanboon.Application" filename="lib/sapanboon/application.ex" line-rate="0.75" branch-rate="0.0" complexity="0"><methods><method name="__info__" signature="__info__/1" line-rate="1.0" branch-rate="0.0"><lines><line number="10" hits="1" branch="False"/><line number="21" hits="1" branch="False"/><line number="22" hits="1" branch="False"/></lines></method></methods><lines><line number="10" hits="1" branch="False"/><line number="21" hits="1" branch="False"/><line number="22" hits="1" branch="False"/><line number="28" hits="0" branch="False"/></lines></class><class name="Elixir.Sapanboon.Project" filename="lib/sapanboon/project.ex" line-rate="0.973" branch-rate="0.0" complexity="0"><methods><method name="count_project" signature="count_project/1" line-rate="1.0" branch-rate="0.0"><lines><line number="15" hits="5" branch="False"/><line number="16" hits="2" branch="False"/><line number="18" hits="3" branch="False"/><line number="19" hits="3" branch="False"/><line number="20" hits="2" branch="False"/><line number="22" hits="1" branch="False"/><line number="23" hits="1" branch="False"/><line number="24" hits="1" branch="False"/><line number="26" hits="1" branch="False"/><line number="27" hits="1" branch="False"/><line number="33" hits="6" branch="False"/><line number="67" hits="6" branch="False"/><line number="68" hits="6" branch="False"/><line number="72" hits="6" branch="False"/><line number="73" hits="2" branch="False"/><line number="74" hits="2" branch="False"/><line number="75" hits="1" branch="False"/><line number="80" hits="5" branch="False"/><line number="82" hits="5" branch="False"/><line number="86" hits="5" branch="False"/><line number="120" hits="5" branch="False"/><line number="121" hits="5" branch="False"/><line number="124" hits="1" branch="False"/><line number="166" hits="2" branch="False"/><line number="200" hits="2" branch="False"/><line number="203" hits="2" branch="False"/></lines></method><method name="create_projects" signature="create_projects/1" line-rate="1.0" branch-rate="0.0"><lines><line number="208" hits="11" branch="False"/></lines></method><method name="get_projects!" signature="get_projects!/1" line-rate="1.0" branch-rate="0.0"><lines><line number="166" hits="2" branch="False"/><line number="200" hits="2" branch="False"/></lines></method><method name="get_projects_detail" signature="get_projects_detail/1" line-rate="0.833" branch-rate="0.0"><lines><line number="166" hits="2" branch="False"/><line number="200" hits="2" branch="False"/><line number="203" hits="2" branch="False"/><line number="205" hits="0" branch="False"/><line number="208" hits="11" branch="False"/><line number="214" hits="2" branch="False"/></lines></method><method name="quiry_project" signature="quiry_project/2" line-rate="1.0" branch-rate="0.0"><lines><line number="33" hits="6" branch="False"/><line number="67" hits="6" branch="False"/><line number="68" hits="6" branch="False"/><line number="72" hits="6" branch="False"/><line number="73" hits="2" branch="False"/><line number="74" hits="2" branch="False"/><line number="75" hits="1" branch="False"/></lines></method></methods><lines><line number="0" hits="4" branch="False"/><line number="0" hits="21" branch="False"/><line number="0" hits="4" branch="False"/><line number="0" hits="3" branch="False"/><line number="0" hits="21" branch="False"/><line number="15" hits="5" branch="False"/><line number="16" hits="2" branch="False"/><line number="18" hits="3" branch="False"/><line number="19" hits="3" branch="False"/><line number="20" hits="2" branch="False"/><line number="22" hits="1" branch="False"/><line number="23" hits="1" branch="False"/><line number="24" hits="1" branch="False"/><line number="26" hits="1" branch="False"/><line number="27" hits="1" branch="False"/><line number="33" hits="6" branch="False"/><line number="67" hits="6" branch="False"/><line number="68" hits="6" branch="False"/><line number="72" hits="6" branch="False"/><line number="73" hits="2" branch="False"/><line number="74" hits="2" branch="False"/><line number="75" hits="1" branch="False"/><line number="80" hits="5" branch="False"/><line number="82" hits="5" branch="False"/><line number="86" hits="5" branch="False"/><line number="120" hits="5" branch="False"/><line number="121" hits="5" branch="False"/><line number="124" hits="1" branch="False"/><line number="166" hits="2" branch="False"/><line number="200" hits="2" branch="False"/><line number="203" hits="2" branch="False"/><line number="205" hits="0" branch="False"/><line number="208" hits="11" branch="False"/><line number="214" hits="2" branch="False"/><line number="219" hits="2" branch="False"/><line number="220" hits="2" branch="False"/><line number="223" hits="4" branch="False"/></lines></class><class name="Elixir.Sapanboon.Mailer" filename="lib/sapanboon/mailer.ex" line-rate="0.429" branch-rate="0.0" complexity="0"><methods/><lines><line number="2" hits="0" branch="False"/><line number="2" hits="1" branch="False"/><line number="2" hits="0" branch="False"/><line number="2" hits="0" branch="False"/><line number="2" hits="0" branch="False"/><line number="2" hits="1" branch="False"/><line number="2" hits="1" branch="False"/></lines></class><class name="Elixir.Sapanboon.Email" filename="lib/sapanboon/email.ex" line-rate="1.0" branch-rate="0.0" complexity="0"><methods><method name="__info__" signature="__info__/1" line-rate="1.0" branch-rate="0.0"><lines><line number="2" hits="2" branch="False"/><line number="2" hits="2" branch="False"/></lines></method><method name="render" signature="render/3" line-rate="1.0" branch-rate="0.0"><lines><line number="8" hits="2" branch="False"/></lines></method></methods><lines><line number="0" hits="1" branch="False"/><line number="0" hits="1" branch="False"/><line number="2" hits="2" branch="False"/><line number="2" hits="2" branch="False"/><line number="8" hits="2" branch="False"/><line number="12" hits="2" branch="False"/><line number="14" hits="2" branch="False"/><line number="16" hits="2" branch="False"/><line number="19" hits="2" branch="False"/></lines></class><class name="Elixir.Sapanboon.Release" filename="lib/sapanboon/release.ex" line-rate="0.0" branch-rate="0.0" complexity="0"><methods><method name="migrate" signature="migrate/0" line-rate="0.0" branch-rate="0.0"><lines><line number="5" hits="0" branch="False"/><line number="6" hits="0" branch="False"/><line number="11" hits="0" branch="False"/></lines></method></methods><lines><line number="5" hits="0" branch="False"/><line number="6" hits="0" branch="False"/><line number="11" hits="0" branch="False"/><line number="15" hits="0" branch="False"/><line number="16" hits="0" branch="False"/></lines></class><class name="Elixir.Sapanboon.Histories" filename="lib/sapanboon/histories.ex" line-rate="0.9" branch-rate="0.0" complexity="0"><methods><method name="__info__" signature="__info__/1" line-rate="1.0" branch-rate="0.0"><lines><line number="11" hits="2" branch="False"/><line number="13" hits="2" branch="False"/><line number="18" hits="3" branch="False"/><line number="19" hits="3" branch="False"/></lines></method><method name="create_history" signature="create_history/1" line-rate="1.0" branch-rate="0.0"><lines><line number="25" hits="9" branch="False"/><line number="31" hits="1" branch="False"/></lines></method><method name="get_history_list_by_email" signature="get_history_list_by_email/1" line-rate="0.75" branch-rate="0.0"><lines><line number="18" hits="3" branch="False"/><line number="19" hits="3" branch="False"/><line number="22" hits="0" branch="False"/><line number="25" hits="9" branch="False"/></lines></method></methods><lines><line number="0" hits="7" branch="False"/><line number="0" hits="7" branch="False"/><line number="11" hits="2" branch="False"/><line number="13" hits="2" branch="False"/><line number="18" hits="3" branch="False"/><line number="19" hits="3" branch="False"/><line number="22" hits="0" branch="False"/><line number="25" hits="9" branch="False"/><line number="31" hits="1" branch="False"/><line number="37" hits="1" branch="False"/></lines></class><class name="Elixir.Sapanboon.Repo" filename="lib/sapanboon/repo.ex" line-rate="0.236" branch-rate="0.0" complexity="0"><methods><method name="__info__" signature="__info__/1" line-rate="0.0" branch-rate="0.0"><lines><line number="1" hits="0" branch="False"/><line number="1" hits="0" branch="False"/><line number="1" hits="0" branch="False"/><line number="1" hits="0" branch="False"/><line number="1" hits="0" branch="False"/><line number="1" hits="0" branch="False"/><line number="1" hits="0" branch="False"/></lines></method></methods><lines><line number="0" hits="36" branch="False"/><line number="1" hits="0" branch="False"/><line number="1" hits="0" branch="False"/><line number="1" hits="0" branch="False"/><line number="1" hits="0" branch="False"/><line number="1" hits="0" branch="False"/><line number="1" hits="0" branch="False"/><line number="1" hits="0" branch="False"/><line number="2" hits="0" branch="False"/><line number="2" hits="0" branch="False"/><line number="2" hits="0" branch="False"/><line number="2" hits="0" branch="False"/><line number="2" hits="0" branch="False"/><line number="2" hits="0" branch="False"/><line number="2" hits="0" branch="False"/><line number="2" hits="0" branch="False"/><line number="2" hits="1" branch="False"/><line number="2" hits="0" branch="False"/><line number="2" hits="0" branch="False"/><line number="2" hits="3" branch="False"/><line number="2" hits="64" branch="False"/><line number="2" hits="4" branch="False"/><line number="2" hits="0" branch="False"/><line number="2" hits="0" branch="False"/><line number="2" hits="0" branch="False"/><line number="2" hits="0" branch="False"/><line number="2" hits="20" branch="False"/><line number="2" hits="0" branch="False"/><line number="2" hits="16" branch="False"/><line number="2" hits="12" branch="False"/><line number="2" hits="0" branch="False"/><line number="2" hits="0" branch="False"/><line number="2" hits="4" branch="False"/><line number="2" hits="0" branch="False"/><line number="2" hits="0" branch="False"/><line number="2" hits="0" branch="False"/><line number="2" hits="0" branch="False"/><line number="2" hits="12" branch="False"/><line number="2" hits="0" branch="False"/><line number="2" hits="0" branch="False"/><line number="2" hits="0" branch="False"/><line number="2" hits="0" branch="False"/><line number="2" hits="0" branch="False"/><line number="2" hits="0" branch="False"/><line number="2" hits="20" branch="False"/><line number="2" hits="0" branch="False"/><line number="2" hits="0" branch="False"/><line number="2" hits="0" branch="False"/><line number="2" hits="1" branch="False"/><line number="2" hits="16" branch="False"/><line number="2" hits="0" branch="False"/><line number="2" hits="0" branch="False"/><line number="2" hits="0" branch="False"/><line number="2" hits="0" branch="False"/><line number="2" hits="0" branch="False"/><line number="2" hits="0" branch="False"/><line number="2" hits="3" branch="False"/><line number="2" hits="0" branch="False"/><line number="2" hits="0" branch="False"/><line number="2" hits="0" branch="False"/><line number="2" hits="4" branch="False"/><line number="2" hits="5" branch="False"/><line number="2" hits="0" branch="False"/><line number="2" hits="0" branch="False"/><line number="2" hits="0" branch="False"/><line number="2" hits="4" branch="False"/><line number="2" hits="0" branch="False"/><line number="2" hits="0" branch="False"/><line number="2" hits="0" branch="False"/><line number="5" hits="0" branch="False"/><line number="5" hits="0" branch="False"/><line number="5" hits="0" branch="False"/></lines></class></classes></package><package name="sapanboon.test.support" line-rate="0.679" branch-rate="0.0" complexity="0"><classes><class name="Elixir.SapanboonWeb.ChannelCase" filename="test/support/channel_case.ex" line-rate="0.0" branch-rate="0.0" complexity="0"><methods><method name="__ex_unit__" signature="__ex_unit__/2" line-rate="0.0" branch-rate="0.0"><lines><line number="18" hits="0" branch="False"/></lines></method></methods><lines><line number="1" hits="0" branch="False"/><line number="1" hits="0" branch="False"/><line number="18" hits="0" branch="False"/><line number="29" hits="0" branch="False"/><line number="31" hits="0" branch="False"/><line number="32" hits="0" branch="False"/></lines></class><class name="Elixir.SapanboonWeb.ConnCase" filename="test/support/conn_case.ex" line-rate="1.0" branch-rate="0.0" complexity="0"><methods><method name="__ex_unit__" signature="__ex_unit__/2" line-rate="1.0" branch-rate="0.0"><lines><line number="18" hits="13" branch="False"/></lines></method></methods><lines><line number="0" hits="39" branch="False"/><line number="0" hits="39" branch="False"/><line number="0" hits="45" branch="False"/><line number="1" hits="11" branch="False"/><line number="1" hits="45" branch="False"/><line number="18" hits="13" branch="False"/><line number="30" hits="45" branch="False"/><line number="32" hits="45" branch="False"/><line number="33" hits="35" branch="False"/></lines></class><class name="Elixir.Sapanboon.DataCase" filename="test/support/data_case.ex" line-rate="0.769" branch-rate="0.0" complexity="0"><methods><method name="MACRO-__using__" signature="MACRO-__using__/2" line-rate="1.0" branch-rate="0.0"><lines><line number="29" hits="23" branch="False"/><line number="31" hits="23" branch="False"/><line number="32" hits="23" branch="False"/></lines></method><method name="__ex_unit__" signature="__ex_unit__/2" line-rate="1.0" branch-rate="0.0"><lines><line number="17" hits="2" branch="False"/></lines></method></methods><lines><line number="0" hits="8" branch="False"/><line number="0" hits="6" branch="False"/><line number="0" hits="2" branch="False"/><line number="0" hits="23" branch="False"/><line number="1" hits="2" branch="False"/><line number="1" hits="23" branch="False"/><line number="17" hits="2" branch="False"/><line number="29" hits="23" branch="False"/><line number="31" hits="23" branch="False"/><line number="32" hits="23" branch="False"/><line number="47" hits="0" branch="False"/><line number="48" hits="0" branch="False"/><line number="49" hits="0" branch="False"/></lines></class></classes></package><package name="sapanboon.lib.sapanboon_web" line-rate="0.297" branch-rate="0.0" complexity="0"><classes><class name="Elixir.SapanboonWeb.Gettext" filename="lib/sapanboon_web/gettext.ex" line-rate="0.0" branch-rate="0.0" complexity="0"><methods/><lines><line number="1" hits="0" branch="False"/><line number="1" hits="0" branch="False"/><line number="1" hits="0" branch="False"/><line number="1" hits="0" branch="False"/><line number="1" hits="0" branch="False"/><line number="1" hits="0" branch="False"/><line number="1" hits="0" branch="False"/><line number="1" hits="0" branch="False"/><line number="1" hits="0" branch="False"/><line number="1" hits="0" branch="False"/><line number="1" hits="0" branch="False"/><line number="1" hits="0" branch="False"/><line number="1" hits="0" branch="False"/><line number="1" hits="0" branch="False"/><line number="1" hits="0" branch="False"/><line number="1" hits="0" branch="False"/><line number="23" hits="0" branch="False"/><line number="23" hits="0" branch="False"/><line number="23" hits="0" branch="False"/></lines></class><class name="Elixir.SapanboonWeb.Endpoint" filename="lib/sapanboon_web/endpoint.ex" line-rate="0.292" branch-rate="0.0" complexity="0"><methods/><lines><line number="0" hits="1" branch="False"/><line number="0" hits="1" branch="False"/><line number="1" hits="0" branch="False"/><line number="1" hits="0" branch="False"/><line number="1" hits="0" branch="False"/><line number="1" hits="35" branch="False"/><line number="1" hits="65" branch="False"/><line number="1" hits="0" branch="False"/><line number="1" hits="0" branch="False"/><line number="1" hits="0" branch="False"/><line number="1" hits="35" branch="False"/><line number="2" hits="0" branch="False"/><line number="2" hits="0" branch="False"/><line number="2" hits="0" branch="False"/><line number="2" hits="0" branch="False"/><line number="2" hits="0" branch="False"/><line number="2" hits="0" branch="False"/><line number="2" hits="35" branch="False"/><line number="2" hits="0" branch="False"/><line number="2" hits="0" branch="False"/><line number="2" hits="35" branch="False"/><line number="2" hits="0" branch="False"/><line number="2" hits="0" branch="False"/><line number="2" hits="0" branch="False"/></lines></class><class name="Elixir.SapanboonWeb.Router" filename="lib/sapanboon_web/router.ex" line-rate="0.557" branch-rate="0.0" complexity="0"><methods><method name="__helpers__" signature="__helpers__/0" line-rate="1.0" branch-rate="0.0"><lines><line number="4" hits="29" branch="False"/><line number="14" hits="6" branch="False"/></lines></method><method name="__routes__" signature="__routes__/0" line-rate="1.0" branch-rate="0.0"><lines><line number="4" hits="29" branch="False"/></lines></method></methods><lines><line number="0" hits="29" branch="False"/><line number="0" hits="6" branch="False"/><line number="1" hits="1" branch="False"/><line number="1" hits="0" branch="False"/><line number="1" hits="1" branch="False"/><line number="1" hits="1" branch="False"/><line number="1" hits="29" branch="False"/><line number="1" hits="1" branch="False"/><line number="1" hits="5" branch="False"/><line number="1" hits="35" branch="False"/><line number="1" hits="1" branch="False"/><line number="1" hits="2" branch="False"/><line number="1" hits="0" branch="False"/><line number="1" hits="1" branch="False"/><line number="1" hits="1" branch="False"/><line number="1" hits="1" branch="False"/><line number="1" hits="2" branch="False"/><line number="1" hits="1" branch="False"/><line number="1" hits="2" branch="False"/><line number="1" hits="13" branch="False"/><line number="1" hits="1" branch="False"/><line number="1" hits="6" branch="False"/><line number="1" hits="0" branch="False"/><line number="1" hits="0" branch="False"/><line number="1" hits="1" branch="False"/><line number="1" hits="0" branch="False"/><line number="4" hits="29" branch="False"/><line number="14" hits="6" branch="False"/><line number="20" hits="0" branch="False"/><line number="20" hits="1" branch="False"/><line number="21" hits="2" branch="False"/><line number="21" hits="0" branch="False"/><line number="22" hits="0" branch="False"/><line number="22" hits="1" branch="False"/><line number="23" hits="0" branch="False"/><line number="23" hits="1" branch="False"/><line number="24" hits="0" branch="False"/><line number="24" hits="0" branch="False"/><line number="29" hits="1" branch="False"/><line number="29" hits="0" branch="False"/><line number="34" hits="0" branch="False"/><line number="34" hits="1" branch="False"/><line number="35" hits="0" branch="False"/><line number="35" hits="13" branch="False"/><line number="36" hits="0" branch="False"/><line number="36" hits="0" branch="False"/><line number="37" hits="5" branch="False"/><line number="37" hits="0" branch="False"/><line number="38" hits="1" branch="False"/><line number="38" hits="0" branch="False"/><line number="39" hits="1" branch="False"/><line number="39" hits="0" branch="False"/><line number="40" hits="0" branch="False"/><line number="40" hits="2" branch="False"/><line number="41" hits="0" branch="False"/><line number="41" hits="1" branch="False"/><line number="42" hits="0" branch="False"/><line number="42" hits="0" branch="False"/><line number="43" hits="0" branch="False"/><line number="43" hits="0" branch="False"/><line number="44" hits="0" branch="False"/><line number="44" hits="2" branch="False"/><line number="45" hits="0" branch="False"/><line number="45" hits="1" branch="False"/><line number="50" hits="1" branch="False"/><line number="50" hits="0" branch="False"/><line number="51" hits="0" branch="False"/><line number="51" hits="0" branch="False"/><line number="52" hits="1" branch="False"/><line number="52" hits="0" branch="False"/></lines></class><class name="Elixir.SapanboonWeb.Router.Helpers" filename="lib/sapanboon_web/router.ex" line-rate="0.213" branch-rate="0.0" complexity="0"><methods/><lines><line number="0" hits="34" branch="False"/><line number="0" hits="34" branch="False"/><line number="1" hits="8" branch="False"/><line number="1" hits="1" branch="False"/><line number="1" hits="0" branch="False"/><line number="1" hits="0" branch="False"/><line number="1" hits="0" branch="False"/><line number="1" hits="0" branch="False"/><line number="1" hits="51" branch="False"/><line number="1" hits="0" branch="False"/><line number="1" hits="0" branch="False"/><line number="1" hits="0" branch="False"/><line number="1" hits="0" branch="False"/><line number="1" hits="0" branch="False"/><line number="1" hits="0" branch="False"/><line number="1" hits="0" branch="False"/><line number="1" hits="0" branch="False"/><line number="1" hits="0" branch="False"/><line number="1" hits="0" branch="False"/><line number="1" hits="0" branch="False"/><line number="1" hits="0" branch="False"/><line number="1" hits="0" branch="False"/><line number="1" hits="1" branch="False"/><line number="1" hits="0" branch="False"/><line number="1" hits="0" branch="False"/><line number="1" hits="0" branch="False"/><line number="1" hits="0" branch="False"/><line number="1" hits="0" branch="False"/><line number="1" hits="0" branch="False"/><line number="1" hits="0" branch="False"/><line number="1" hits="1" branch="False"/><line number="1" hits="7" branch="False"/><line number="1" hits="0" branch="False"/><line number="1" hits="0" branch="False"/><line number="1" hits="0" branch="False"/><line number="1" hits="0" branch="False"/><line number="1" hits="0" branch="False"/><line number="1" hits="0" branch="False"/><line number="1" hits="0" branch="False"/><line number="1" hits="0" branch="False"/><line number="1" hits="0" branch="False"/><line number="1" hits="0" branch="False"/><line number="1" hits="0" branch="False"/><line number="1" hits="0" branch="False"/><line number="1" hits="1" branch="False"/><line number="1" hits="0" branch="False"/><line number="1" hits="0" branch="False"/><line number="1" hits="0" branch="False"/><line number="1" hits="1" branch="False"/><line number="1" hits="0" branch="False"/><line number="1" hits="0" branch="False"/><line number="1" hits="0" branch="False"/><line number="1" hits="0" branch="False"/><line number="1" hits="0" branch="False"/><line number="1" hits="4" branch="False"/><line number="1" hits="0" branch="False"/><line number="1" hits="0" branch="False"/><line number="1" hits="0" branch="False"/><line number="1" hits="0" branch="False"/><line number="1" hits="0" branch="False"/><line number="1" hits="0" branch="False"/><line number="1" hits="0" branch="False"/><line number="1" hits="0" branch="False"/><line number="1" hits="0" branch="False"/><line number="1" hits="0" branch="False"/><line number="1" hits="0" branch="False"/><line number="1" hits="13" branch="False"/><line number="1" hits="0" branch="False"/><line number="1" hits="0" branch="False"/><line number="1" hits="1" branch="False"/><line number="1" hits="0" branch="False"/><line number="1" hits="0" branch="False"/><line number="1" hits="0" branch="False"/><line number="1" hits="5" branch="False"/><line number="1" hits="1" branch="False"/><line number="1" hits="0" branch="False"/><line number="1" hits="0" branch="False"/><line number="1" hits="7" branch="False"/><line number="1" hits="0" branch="False"/><line number="1" hits="1" branch="False"/><line number="1" hits="0" branch="False"/><line number="1" hits="0" branch="False"/><line number="1" hits="0" branch="False"/><line number="1" hits="0" branch="False"/><line number="1" hits="0" branch="False"/><line number="1" hits="0" branch="False"/><line number="1" hits="98" branch="False"/><line number="1" hits="1" branch="False"/><line number="1" hits="0" branch="False"/><line number="1" hits="0" branch="False"/><line number="1" hits="1" branch="False"/><line number="1" hits="0" branch="False"/><line number="1" hits="0" branch="False"/><line number="1" hits="10" branch="False"/><line number="1" hits="0" branch="False"/><line number="1" hits="0" branch="False"/><line number="1" hits="0" branch="False"/><line number="1" hits="0" branch="False"/><line number="1" hits="1" branch="False"/><line number="1" hits="0" branch="False"/><line number="1" hits="0" branch="False"/><line number="1" hits="0" branch="False"/><line number="1" hits="0" branch="False"/><line number="1" hits="0" branch="False"/><line number="1" hits="0" branch="False"/><line number="1" hits="0" branch="False"/><line number="1" hits="0" branch="False"/><line number="1" hits="0" branch="False"/><line number="1" hits="0" branch="False"/><line number="1" hits="0" branch="False"/><line number="1" hits="0" branch="False"/><line number="1" hits="0" branch="False"/><line number="1" hits="0" branch="False"/><line number="1" hits="41" branch="False"/><line number="1" hits="0" branch="False"/><line number="1" hits="0" branch="False"/><line number="1" hits="2" branch="False"/><line number="1" hits="0" branch="False"/><line number="1" hits="0" branch="False"/><line number="1" hits="0" branch="False"/><line number="1" hits="6" branch="False"/><line number="1" hits="0" branch="False"/><line number="1" hits="1" branch="False"/><line number="1" hits="0" branch="False"/><line number="1" hits="0" branch="False"/><line number="1" hits="0" branch="False"/><line number="1" hits="13" branch="False"/><line number="1" hits="0" branch="False"/><line number="1" hits="0" branch="False"/><line number="1" hits="0" branch="False"/><line number="1" hits="0" branch="False"/><line number="1" hits="5" branch="False"/><line number="1" hits="0" branch="False"/><line number="1" hits="2" branch="False"/><line number="1" hits="8" branch="False"/><line number="1" hits="0" branch="False"/><line number="1" hits="0" branch="False"/><line number="1" hits="0" branch="False"/><line number="1" hits="0" branch="False"/><line number="1" hits="0" branch="False"/><line number="1" hits="0" branch="False"/><line number="1" hits="0" branch="False"/><line number="1" hits="0" branch="False"/><line number="1" hits="0" branch="False"/><line number="1" hits="0" branch="False"/><line number="1" hits="354" branch="False"/><line number="1" hits="17" branch="False"/><line number="1" hits="0" branch="False"/><line number="1" hits="0" branch="False"/><line number="1" hits="0" branch="False"/></lines></class></classes></package><package name="sapanboon.lib.sapanboon_web.controllers" line-rate="0.712" branch-rate="0.0" complexity="0"><classes><class name="Elixir.SapanboonWeb.AboutController" filename="lib/sapanboon_web/controllers/about_controller.ex" line-rate="1.0" branch-rate="0.0" complexity="0"><methods/><lines><line number="1" hits="13" branch="False"/><line number="1" hits="13" branch="False"/><line number="2" hits="13" branch="False"/><line number="2" hits="13" branch="False"/><line number="2" hits="13" branch="False"/><line number="5" hits="13" branch="False"/></lines></class><class name="Elixir.SapanboonWeb.PaymentController" filename="lib/sapanboon_web/controllers/payment_controller.ex" line-rate="1.0" branch-rate="0.0" complexity="0"><methods/><lines><line number="1" hits="1" branch="False"/><line number="1" hits="1" branch="False"/><line number="2" hits="1" branch="False"/><line number="2" hits="1" branch="False"/><line number="2" hits="1" branch="False"/><line number="7" hits="1" branch="False"/><line number="8" hits="1" branch="False"/><line number="9" hits="1" branch="False"/></lines></class><class name="Elixir.SapanboonWeb.ContactController" filename="lib/sapanboon_web/controllers/contact_controller.ex" line-rate="1.0" branch-rate="0.0" complexity="0"><methods/><lines><line number="1" hits="5" branch="False"/><line number="1" hits="5" branch="False"/><line number="2" hits="5" branch="False"/><line number="2" hits="5" branch="False"/><line number="2" hits="5" branch="False"/><line number="5" hits="5" branch="False"/></lines></class><class name="Elixir.SapanboonWeb.LoginController" filename="lib/sapanboon_web/controllers/login_controller.ex" line-rate="0.667" branch-rate="0.0" complexity="0"><methods><method name="action (overridable 2)" signature="action (overridable 2)/2" line-rate="0.632" branch-rate="0.0"><lines><line number="9" hits="0" branch="False"/><line number="13" hits="1" branch="False"/><line number="14" hits="1" branch="False"/><line number="15" hits="1" branch="False"/><line number="16" hits="1" branch="False"/><line number="17" hits="1" branch="False"/><line number="18" hits="1" branch="False"/><line number="36" hits="1" branch="False"/><line number="37" hits="1" branch="False"/><line number="41" hits="1" branch="False"/><line number="42" hits="1" branch="False"/><line number="47" hits="0" branch="False"/><line number="52" hits="1" branch="False"/><line number="54" hits="0" branch="False"/><line number="62" hits="0" branch="False"/><line number="64" hits="0" branch="False"/><line number="68" hits="0" branch="False"/><line number="74" hits="0" branch="False"/><line number="81" hits="1" branch="False"/></lines></method><method name="call" signature="call/2" line-rate="0.0" branch-rate="0.0"><lines><line number="9" hits="0" branch="False"/></lines></method><method name="callback" signature="callback/2" line-rate="0.846" branch-rate="0.0"><lines><line number="13" hits="1" branch="False"/><line number="14" hits="1" branch="False"/><line number="15" hits="1" branch="False"/><line number="16" hits="1" branch="False"/><line number="17" hits="1" branch="False"/><line number="18" hits="1" branch="False"/><line number="36" hits="1" branch="False"/><line number="37" hits="1" branch="False"/><line number="41" hits="1" branch="False"/><line number="42" hits="1" branch="False"/><line number="47" hits="0" branch="False"/><line number="52" hits="1" branch="False"/><line number="54" hits="0" branch="False"/></lines></method><method name="create" signature="create/2" line-rate="0.0" branch-rate="0.0"><lines><line number="62" hits="0" branch="False"/><line number="64" hits="0" branch="False"/><line number="68" hits="0" branch="False"/><line number="74" hits="0" branch="False"/></lines></method><method name="init" signature="init/1" line-rate="0.833" branch-rate="0.0"><lines><line number="9" hits="0" branch="False"/><line number="13" hits="1" branch="False"/><line number="14" hits="1" branch="False"/><line number="15" hits="1" branch="False"/><line number="16" hits="1" branch="False"/><line number="17" hits="1" branch="False"/><line number="18" hits="1" branch="False"/><line number="36" hits="1" branch="False"/><line number="37" hits="1" branch="False"/><line number="41" hits="1" branch="False"/><line number="42" hits="1" branch="False"/><line number="47" hits="0" branch="False"/></lines></method></methods><lines><line number="0" hits="1" branch="False"/><line number="1" hits="2" branch="False"/><line number="1" hits="2" branch="False"/><line number="2" hits="2" branch="False"/><line number="2" hits="2" branch="False"/><line number="2" hits="2" branch="False"/><line number="9" hits="0" branch="False"/><line number="13" hits="1" branch="False"/><line number="14" hits="1" branch="False"/><line number="15" hits="1" branch="False"/><line number="16" hits="1" branch="False"/><line number="17" hits="1" branch="False"/><line number="18" hits="1" branch="False"/><line number="36" hits="1" branch="False"/><line number="37" hits="1" branch="False"/><line number="41" hits="1" branch="False"/><line number="42" hits="1" branch="False"/><line number="47" hits="0" branch="False"/><line number="52" hits="1" branch="False"/><line number="54" hits="0" branch="False"/><line number="62" hits="0" branch="False"/><line number="64" hits="0" branch="False"/><line number="68" hits="0" branch="False"/><line number="74" hits="0" branch="False"/><line number="81" hits="1" branch="False"/><line number="85" hits="0" branch="False"/><line number="86" hits="0" branch="False"/></lines></class><class name="Elixir.SapanboonWeb.ProjectsController" filename="lib/sapanboon_web/controllers/projects_controller.ex" line-rate="0.391" branch-rate="0.0" complexity="0"><methods><method name="call" signature="call/2" line-rate="0.235" branch-rate="0.0"><lines><line number="10" hits="1" branch="False"/><line number="18" hits="1" branch="False"/><line number="20" hits="1" branch="False"/><line number="21" hits="1" branch="False"/><line number="22" hits="1" branch="False"/><line number="23" hits="1" branch="False"/><line number="26" hits="1" branch="False"/><line number="31" hits="0" branch="False"/><line number="32" hits="0" branch="False"/><line number="33" hits="0" branch="False"/><line number="34" hits="0" branch="False"/><line number="36" hits="0" branch="False"/><line number="38" hits="0" branch="False"/><line number="40" hits="0" branch="False"/><line number="46" hits="0" branch="False"/><line number="48" hits="0" branch="False"/><line number="49" hits="0" branch="False"/><line number="51" hits="0" branch="False"/><line number="52" hits="0" branch="False"/><line number="53" hits="0" branch="False"/><line number="54" hits="0" branch="False"/><line number="55" hits="0" branch="False"/><line number="58" hits="0" branch="False"/><line number="60" hits="0" branch="False"/><line number="61" hits="0" branch="False"/><line number="62" hits="0" branch="False"/><line number="63" hits="0" branch="False"/><line number="66" hits="0" branch="False"/><line number="70" hits="0" branch="False"/><line number="72" hits="0" branch="False"/><line number="75" hits="0" branch="False"/><line number="78" hits="0" branch="False"/><line number="81" hits="0" branch="False"/><line number="87" hits="1" branch="False"/></lines></method><method name="init" signature="init/1" line-rate="0.212" branch-rate="0.0"><lines><line number="10" hits="1" branch="False"/><line number="18" hits="1" branch="False"/><line number="20" hits="1" branch="False"/><line number="21" hits="1" branch="False"/><line number="22" hits="1" branch="False"/><line number="23" hits="1" branch="False"/><line number="26" hits="1" branch="False"/><line number="31" hits="0" branch="False"/><line number="32" hits="0" branch="False"/><line number="33" hits="0" branch="False"/><line number="34" hits="0" branch="False"/><line number="36" hits="0" branch="False"/><line number="38" hits="0" branch="False"/><line number="40" hits="0" branch="False"/><line number="46" hits="0" branch="False"/><line number="48" hits="0" branch="False"/><line number="49" hits="0" branch="False"/><line number="51" hits="0" branch="False"/><line number="52" hits="0" branch="False"/><line number="53" hits="0" branch="False"/><line number="54" hits="0" branch="False"/><line number="55" hits="0" branch="False"/><line number="58" hits="0" branch="False"/><line number="60" hits="0" branch="False"/><line number="61" hits="0" branch="False"/><line number="62" hits="0" branch="False"/><line number="63" hits="0" branch="False"/><line number="66" hits="0" branch="False"/><line number="70" hits="0" branch="False"/><line number="72" hits="0" branch="False"/><line number="75" hits="0" branch="False"/><line number="78" hits="0" branch="False"/><line number="81" hits="0" branch="False"/></lines></method><method name="phoenix_controller_pipeline" signature="phoenix_controller_pipeline/2" line-rate="0.349" branch-rate="0.0"><lines><line number="2" hits="8" branch="False"/><line number="2" hits="8" branch="False"/><line number="2" hits="8" branch="False"/><line number="10" hits="1" branch="False"/><line number="18" hits="1" branch="False"/><line number="20" hits="1" branch="False"/><line number="21" hits="1" branch="False"/><line number="22" hits="1" branch="False"/><line number="23" hits="1" branch="False"/><line number="26" hits="1" branch="False"/><line number="31" hits="0" branch="False"/><line number="32" hits="0" branch="False"/><line number="33" hits="0" branch="False"/><line number="34" hits="0" branch="False"/><line number="36" hits="0" branch="False"/><line number="38" hits="0" branch="False"/><line number="40" hits="0" branch="False"/><line number="46" hits="0" branch="False"/><line number="48" hits="0" branch="False"/><line number="49" hits="0" branch="False"/><line number="51" hits="0" branch="False"/><line number="52" hits="0" branch="False"/><line number="53" hits="0" branch="False"/><line number="54" hits="0" branch="False"/><line number="55" hits="0" branch="False"/><line number="58" hits="0" branch="False"/><line number="60" hits="0" branch="False"/><line number="61" hits="0" branch="False"/><line number="62" hits="0" branch="False"/><line number="63" hits="0" branch="False"/><line number="66" hits="0" branch="False"/><line number="70" hits="0" branch="False"/><line number="72" hits="0" branch="False"/><line number="75" hits="0" branch="False"/><line number="78" hits="0" branch="False"/><line number="81" hits="0" branch="False"/><line number="87" hits="1" branch="False"/><line number="98" hits="1" branch="False"/><line number="102" hits="1" branch="False"/><line number="108" hits="0" branch="False"/><line number="113" hits="2" branch="False"/><line number="117" hits="2" branch="False"/><line number="123" hits="0" branch="False"/></lines></method></methods><lines><line number="1" hits="8" branch="False"/><line number="1" hits="8" branch="False"/><line number="2" hits="8" branch="False"/><line number="2" hits="8" branch="False"/><line number="2" hits="8" branch="False"/><line number="10" hits="1" branch="False"/><line number="18" hits="1" branch="False"/><line number="20" hits="1" branch="False"/><line number="21" hits="1" branch="False"/><line number="22" hits="1" branch="False"/><line number="23" hits="1" branch="False"/><line number="26" hits="1" branch="False"/><line number="31" hits="0" branch="False"/><line number="32" hits="0" branch="False"/><line number="33" hits="0" branch="False"/><line number="34" hits="0" branch="False"/><line number="36" hits="0" branch="False"/><line number="38" hits="0" branch="False"/><line number="40" hits="0" branch="False"/><line number="46" hits="0" branch="False"/><line number="48" hits="0" branch="False"/><line number="49" hits="0" branch="False"/><line number="51" hits="0" branch="False"/><line number="52" hits="0" branch="False"/><line number="53" hits="0" branch="False"/><line number="54" hits="0" branch="False"/><line number="55" hits="0" branch="False"/><line number="58" hits="0" branch="False"/><line number="60" hits="0" branch="False"/><line number="61" hits="0" branch="False"/><line number="62" hits="0" branch="False"/><line number="63" hits="0" branch="False"/><line number="66" hits="0" branch="False"/><line number="70" hits="0" branch="False"/><line number="72" hits="0" branch="False"/><line number="75" hits="0" branch="False"/><line number="78" hits="0" branch="False"/><line number="81" hits="0" branch="False"/><line number="87" hits="1" branch="False"/><line number="98" hits="1" branch="False"/><line number="102" hits="1" branch="False"/><line number="108" hits="0" branch="False"/><line number="113" hits="2" branch="False"/><line number="117" hits="2" branch="False"/><line number="123" hits="0" branch="False"/><line number="128" hits="2" branch="False"/></lines></class><class name="Elixir.SapanboonWeb.CrontabController" filename="lib/sapanboon_web/controllers/crontab_controller.ex" line-rate="0.889" branch-rate="0.0" complexity="0"><methods><method name="phoenix_controller_pipeline" signature="phoenix_controller_pipeline/2" line-rate="1.0" branch-rate="0.0"><lines><line number="2" hits="1" branch="False"/><line number="2" hits="1" branch="False"/><line number="2" hits="1" branch="False"/></lines></method></methods><lines><line number="1" hits="1" branch="False"/><line number="1" hits="1" branch="False"/><line number="2" hits="1" branch="False"/><line number="2" hits="1" branch="False"/><line number="2" hits="1" branch="False"/><line number="9" hits="1" branch="False"/><line number="10" hits="1" branch="False"/><line number="15" hits="1" branch="False"/><line number="21" hits="0" branch="False"/></lines></class><class name="Elixir.SapanboonWeb.HistoryController" filename="lib/sapanboon_web/controllers/history_controller.ex" line-rate="0.92" branch-rate="0.0" complexity="0"><methods><method name="call" signature="call/2" line-rate="0.941" branch-rate="0.0"><lines><line number="8" hits="2" branch="False"/><line number="9" hits="2" branch="False"/><line number="13" hits="1" branch="False"/><line number="15" hits="1" branch="False"/><line number="18" hits="1" branch="False"/><line number="23" hits="0" branch="False"/><line number="28" hits="1" branch="False"/><line number="34" hits="1" branch="False"/><line number="35" hits="1" branch="False"/><line number="36" hits="1" branch="False"/><line number="37" hits="1" branch="False"/><line number="38" hits="1" branch="False"/><line number="39" hits="1" branch="False"/><line number="40" hits="1" branch="False"/><line number="41" hits="1" branch="False"/><line number="43" hits="1" branch="False"/><line number="45" hits="1" branch="False"/></lines></method><method name="phoenix_controller_pipeline" signature="phoenix_controller_pipeline/2" line-rate="0.889" branch-rate="0.0"><lines><line number="2" hits="4" branch="False"/><line number="2" hits="4" branch="False"/><line number="2" hits="4" branch="False"/><line number="8" hits="2" branch="False"/><line number="9" hits="2" branch="False"/><line number="13" hits="1" branch="False"/><line number="15" hits="1" branch="False"/><line number="18" hits="1" branch="False"/><line number="23" hits="0" branch="False"/></lines></method></methods><lines><line number="1" hits="4" branch="False"/><line number="1" hits="4" branch="False"/><line number="2" hits="4" branch="False"/><line number="2" hits="4" branch="False"/><line number="2" hits="4" branch="False"/><line number="8" hits="2" branch="False"/><line number="9" hits="2" branch="False"/><line number="13" hits="1" branch="False"/><line number="15" hits="1" branch="False"/><line number="18" hits="1" branch="False"/><line number="23" hits="0" branch="False"/><line number="28" hits="1" branch="False"/><line number="34" hits="1" branch="False"/><line number="35" hits="1" branch="False"/><line number="36" hits="1" branch="False"/><line number="37" hits="1" branch="False"/><line number="38" hits="1" branch="False"/><line number="39" hits="1" branch="False"/><line number="40" hits="1" branch="False"/><line number="41" hits="1" branch="False"/><line number="43" hits="1" branch="False"/><line number="45" hits="1" branch="False"/><line number="49" hits="1" branch="False"/><line number="53" hits="1" branch="False"/><line number="59" hits="0" branch="False"/></lines></class><class name="Elixir.SapanboonWeb.SuccessController" filename="lib/sapanboon_web/controllers/success_controller.ex" line-rate="1.0" branch-rate="0.0" complexity="0"><methods/><lines><line number="1" hits="1" branch="False"/><line number="1" hits="1" branch="False"/><line number="2" hits="1" branch="False"/><line number="2" hits="1" branch="False"/><line number="2" hits="1" branch="False"/><line number="8" hits="1" branch="False"/><line number="9" hits="1" branch="False"/><line number="10" hits="1" branch="False"/><line number="11" hits="1" branch="False"/><line number="12" hits="1" branch="False"/><line number="13" hits="1" branch="False"/><line number="15" hits="1" branch="False"/></lines></class></classes></package><package name="sapanboon.lib.sapanboon_web.plugs" line-rate="0.875" branch-rate="0.0" complexity="0"><classes><class name="Elixir.SapanboonWeb.Plugs.SetUser" filename="lib/sapanboon_web/plugs/set_user.ex" line-rate="0.875" branch-rate="0.0" complexity="0"><methods/><lines><line number="10" hits="29" branch="False"/><line number="11" hits="3" branch="False"/><line number="13" hits="26" branch="False"/><line number="15" hits="26" branch="False"/><line number="16" hits="26" branch="False"/><line number="17" hits="0" branch="False"/><line number="19" hits="26" branch="False"/><line number="20" hits="26" branch="False"/></lines></class></classes></package><package name="sapanboon.lib.sapanboon_web.views" line-rate="0.38" branch-rate="0.0" complexity="0"><classes><class name="Elixir.SapanboonWeb.PageView" filename="lib/sapanboon_web/views/page_view.ex" line-rate="0.0" branch-rate="0.0" complexity="0"><methods><method name="__templates__" signature="__templates__/0" line-rate="0.0" branch-rate="0.0"><lines><line number="2" hits="0" branch="False"/><line number="2" hits="0" branch="False"/><line number="2" hits="0" branch="False"/><line number="2" hits="0" branch="False"/><line number="2" hits="0" branch="False"/><line number="5" hits="0" branch="False"/></lines></method></methods><lines><line number="1" hits="0" branch="False"/><line number="1" hits="0" branch="False"/><line number="1" hits="0" branch="False"/><line number="1" hits="0" branch="False"/><line number="1" hits="0" branch="False"/><line number="2" hits="0" branch="False"/><line number="2" hits="0" branch="False"/><line number="2" hits="0" branch="False"/><line number="2" hits="0" branch="False"/><line number="2" hits="0" branch="False"/><line number="5" hits="0" branch="False"/><line number="9" hits="0" branch="False"/></lines></class><class name="Elixir.SapanboonWeb.ErrorHelpers" filename="lib/sapanboon_web/views/error_helpers.ex" line-rate="0.0" branch-rate="0.0" complexity="0"><methods><method name="error_tag" signature="error_tag/2" line-rate="0.0" branch-rate="0.0"><lines><line number="12" hits="0" branch="False"/><line number="13" hits="0" branch="False"/></lines></method></methods><lines><line number="12" hits="0" branch="False"/><line number="13" hits="0" branch="False"/><line number="38" hits="0" branch="False"/><line number="39" hits="0" branch="False"/><line number="41" hits="0" branch="False"/></lines></class><class name="Elixir.SapanboonWeb.AboutView" filename="lib/sapanboon_web/views/about_view.ex" line-rate="0.182" branch-rate="0.0" complexity="0"><methods/><lines><line number="1" hits="0" branch="False"/><line number="1" hits="0" branch="False"/><line number="1" hits="13" branch="False"/><line number="1" hits="0" branch="False"/><line number="1" hits="13" branch="False"/><line number="1" hits="0" branch="False"/><line number="2" hits="0" branch="False"/><line number="2" hits="0" branch="False"/><line number="2" hits="0" branch="False"/><line number="2" hits="0" branch="False"/><line number="2" hits="0" branch="False"/></lines></class><class name="Elixir.SapanboonWeb.LoginView" filename="lib/sapanboon_web/views/login_view.ex" line-rate="0.438" branch-rate="0.0" complexity="0"><methods/><lines><line number="0" hits="1" branch="False"/><line number="1" hits="3" branch="False"/><line number="1" hits="0" branch="False"/><line number="1" hits="0" branch="False"/><line number="1" hits="0" branch="False"/><line number="1" hits="3" branch="False"/><line number="1" hits="0" branch="False"/><line number="2" hits="0" branch="False"/><line number="2" hits="0" branch="False"/><line number="2" hits="0" branch="False"/><line number="2" hits="0" branch="False"/><line number="2" hits="0" branch="False"/><line number="5" hits="1" branch="False"/><line number="9" hits="2" branch="False"/><line number="11" hits="2" branch="False"/><line number="12" hits="2" branch="False"/></lines></class><class name="Elixir.SapanboonWeb.SuccessView" filename="lib/sapanboon_web/views/success_view.ex" line-rate="0.182" branch-rate="0.0" complexity="0"><methods/><lines><line number="1" hits="0" branch="False"/><line number="1" hits="1" branch="False"/><line number="1" hits="0" branch="False"/><line number="1" hits="1" branch="False"/><line number="1" hits="0" branch="False"/><line number="1" hits="0" branch="False"/><line number="2" hits="0" branch="False"/><line number="2" hits="0" branch="False"/><line number="2" hits="0" branch="False"/><line number="2" hits="0" branch="False"/><line number="2" hits="0" branch="False"/></lines></class><class name="Elixir.SapanboonWeb.ErrorView" filename="lib/sapanboon_web/views/error_view.ex" line-rate="0.471" branch-rate="0.0" complexity="0"><methods><method name="render_template" signature="render_template/2" line-rate="0.556" branch-rate="0.0"><lines><line number="2" hits="0" branch="False"/><line number="2" hits="0" branch="False"/><line number="2" hits="0" branch="False"/><line number="2" hits="0" branch="False"/><line number="5" hits="1" branch="False"/><line number="9" hits="1" branch="False"/><line number="13" hits="1" branch="False"/><line number="17" hits="1" branch="False"/><line number="21" hits="1" branch="False"/></lines></method></methods><lines><line number="1" hits="2" branch="False"/><line number="1" hits="0" branch="False"/><line number="1" hits="1" branch="False"/><line number="1" hits="0" branch="False"/><line number="1" hits="0" branch="False"/><line number="1" hits="1" branch="False"/><line number="1" hits="0" branch="False"/><line number="2" hits="0" branch="False"/><line number="2" hits="0" branch="False"/><line number="2" hits="0" branch="False"/><line number="2" hits="0" branch="False"/><line number="5" hits="1" branch="False"/><line number="9" hits="1" branch="False"/><line number="13" hits="1" branch="False"/><line number="17" hits="1" branch="False"/><line number="21" hits="1" branch="False"/><line number="27" hits="0" branch="False"/></lines></class><class name="Elixir.SapanboonWeb.EmailView" filename="lib/sapanboon_web/views/email_view.ex" line-rate="0.182" branch-rate="0.0" complexity="0"><methods/><lines><line number="1" hits="0" branch="False"/><line number="1" hits="0" branch="False"/><line number="1" hits="2" branch="False"/><line number="1" hits="2" branch="False"/><line number="1" hits="0" branch="False"/><line number="1" hits="0" branch="False"/><line number="2" hits="0" branch="False"/><line number="2" hits="0" branch="False"/><line number="2" hits="0" branch="False"/><line number="2" hits="0" branch="False"/><line number="2" hits="0" branch="False"/></lines></class><class name="Elixir.SapanboonWeb.ContactView" filename="lib/sapanboon_web/views/contact_view.ex" line-rate="0.182" branch-rate="0.0" complexity="0"><methods/><lines><line number="1" hits="0" branch="False"/><line number="1" hits="5" branch="False"/><line number="1" hits="5" branch="False"/><line number="1" hits="0" branch="False"/><line number="1" hits="0" branch="False"/><line number="1" hits="0" branch="False"/><line number="2" hits="0" branch="False"/><line number="2" hits="0" branch="False"/><line number="2" hits="0" branch="False"/><line number="2" hits="0" branch="False"/><line number="2" hits="0" branch="False"/></lines></class><class name="Elixir.SapanboonWeb.LayoutView" filename="lib/sapanboon_web/views/layout_view.ex" line-rate="0.357" branch-rate="0.0" complexity="0"><methods><method name="__templates__" signature="__templates__/0" line-rate="0.167" branch-rate="0.0"><lines><line number="2" hits="0" branch="False"/><line number="2" hits="0" branch="False"/><line number="2" hits="0" branch="False"/><line number="2" hits="0" branch="False"/><line number="2" hits="0" branch="False"/><line number="5" hits="24" branch="False"/></lines></method></methods><lines><line number="1" hits="0" branch="False"/><line number="1" hits="26" branch="False"/><line number="1" hits="0" branch="False"/><line number="1" hits="24" branch="False"/><line number="1" hits="0" branch="False"/><line number="1" hits="0" branch="False"/><line number="1" hits="2" branch="False"/><line number="2" hits="0" branch="False"/><line number="2" hits="0" branch="False"/><line number="2" hits="0" branch="False"/><line number="2" hits="0" branch="False"/><line number="2" hits="0" branch="False"/><line number="5" hits="24" branch="False"/><line number="9" hits="6" branch="False"/></lines></class><class name="Elixir.SapanboonWeb.HistoryView" filename="lib/sapanboon_web/views/history_view.ex" line-rate="0.619" branch-rate="0.0" complexity="0"><methods/><lines><line number="0" hits="3" branch="False"/><line number="1" hits="0" branch="False"/><line number="1" hits="2" branch="False"/><line number="1" hits="8" branch="False"/><line number="1" hits="0" branch="False"/><line number="1" hits="2" branch="False"/><line number="1" hits="2" branch="False"/><line number="1" hits="2" branch="False"/><line number="1" hits="0" branch="False"/><line number="1" hits="0" branch="False"/><line number="2" hits="0" branch="False"/><line number="2" hits="6" branch="False"/><line number="2" hits="0" branch="False"/><line number="2" hits="0" branch="False"/><line number="2" hits="0" branch="False"/><line number="6" hits="3" branch="False"/><line number="10" hits="4" branch="False"/><line number="12" hits="4" branch="False"/><line number="13" hits="4" branch="False"/><line number="14" hits="4" branch="False"/><line number="15" hits="4" branch="False"/></lines></class><class name="Elixir.SapanboonWeb.ProjectsView" filename="lib/sapanboon_web/views/projects_view.ex" line-rate="0.71" branch-rate="0.0" complexity="0"><methods><method name="__templates__" signature="__templates__/0" line-rate="0.556" branch-rate="0.0"><lines><line number="2" hits="0" branch="False"/><line number="2" hits="0" branch="False"/><line number="2" hits="0" branch="False"/><line number="2" hits="1" branch="False"/><line number="2" hits="0" branch="False"/><line number="8" hits="4" branch="False"/><line number="12" hits="4" branch="False"/><line number="14" hits="4" branch="False"/><line number="15" hits="4" branch="False"/></lines></method><method name="active_class" signature="active_class/2" line-rate="1.0" branch-rate="0.0"><lines><line number="20" hits="3" branch="False"/><line number="26" hits="35" branch="False"/><line number="27" hits="35" branch="False"/><line number="28" hits="35" branch="False"/></lines></method><method name="calculate_percent" signature="calculate_percent/2" line-rate="1.0" branch-rate="0.0"><lines><line number="26" hits="35" branch="False"/><line number="27" hits="35" branch="False"/><line number="28" hits="35" branch="False"/><line number="33" hits="6" branch="False"/><line number="34" hits="6" branch="False"/><line number="35" hits="6" branch="False"/></lines></method></methods><lines><line number="0" hits="3" branch="False"/><line number="0" hits="1" branch="False"/><line number="0" hits="4" branch="False"/><line number="1" hits="0" branch="False"/><line number="1" hits="1" branch="False"/><line number="1" hits="1" branch="False"/><line number="1" hits="0" branch="False"/><line number="1" hits="0" branch="False"/><line number="1" hits="1" branch="False"/><line number="1" hits="0" branch="False"/><line number="1" hits="3" branch="False"/><line number="1" hits="0" branch="False"/><line number="2" hits="0" branch="False"/><line number="2" hits="0" branch="False"/><line number="2" hits="0" branch="False"/><line number="2" hits="1" branch="False"/><line number="2" hits="0" branch="False"/><line number="8" hits="4" branch="False"/><line number="12" hits="4" branch="False"/><line number="14" hits="4" branch="False"/><line number="15" hits="4" branch="False"/><line number="20" hits="3" branch="False"/><line number="26" hits="35" branch="False"/><line number="27" hits="35" branch="False"/><line number="28" hits="35" branch="False"/><line number="33" hits="6" branch="False"/><line number="34" hits="6" branch="False"/><line number="35" hits="6" branch="False"/><line number="40" hits="1" branch="False"/><line number="41" hits="1" branch="False"/><line number="42" hits="1" branch="False"/></lines></class><class name="Elixir.SapanboonWeb.PaymentView" filename="lib/sapanboon_web/views/payment_view.ex" line-rate="0.182" branch-rate="0.0" complexity="0"><methods/><lines><line number="1" hits="0" branch="False"/><line number="1" hits="0" branch="False"/><line number="1" hits="0" branch="False"/><line number="1" hits="1" branch="False"/><line number="1" hits="0" branch="False"/><line number="1" hits="1" branch="False"/><line number="2" hits="0" branch="False"/><line number="2" hits="0" branch="False"/><line number="2" hits="0" branch="False"/><line number="2" hits="0" branch="False"/><line number="2" hits="0" branch="False"/></lines></class></classes></package></packages></coverage>
